<?xml version="1.0" encoding="UTF-8"?>
<testng-results ignored="0" total="6" passed="6" failed="0" skipped="0">
  <reporter-output>
  </reporter-output>
  <suite started-at="2023-02-28T14:11:09 IST" name="Default suite" finished-at="2023-02-28T14:16:32 IST" duration-ms="323664">
    <groups>
      <group name="add">
        <method signature="ProductPageTestClass.verifyAddNewProduct()[pri:2, instance:executeClass.ProductPageTestClass@78691363]" name="verifyAddNewProduct" class="executeClass.ProductPageTestClass"/>
      </group> <!-- add -->
      <group name="search">
        <method signature="ProductPageTestClass.verifySearchFunctionalityUsingProductName()[pri:3, instance:executeClass.ProductPageTestClass@78691363]" name="verifySearchFunctionalityUsingProductName" class="executeClass.ProductPageTestClass"/>
        <method signature="ProductPageTestClass.verifySearchFunctionalityUsingProductCode()[pri:4, instance:executeClass.ProductPageTestClass@78691363]" name="verifySearchFunctionalityUsingProductCode" class="executeClass.ProductPageTestClass"/>
      </group> <!-- search -->
      <group name="edit">
        <method signature="ProductPageTestClass.verifyEditFunctionalityOfProduct()[pri:5, instance:executeClass.ProductPageTestClass@78691363]" name="verifyEditFunctionalityOfProduct" class="executeClass.ProductPageTestClass"/>
      </group> <!-- edit -->
      <group name="delete">
        <method signature="ProductPageTestClass.verifyDeleteFunctionalityOfProduct()[pri:6, instance:executeClass.ProductPageTestClass@78691363]" name="verifyDeleteFunctionalityOfProduct" class="executeClass.ProductPageTestClass"/>
      </group> <!-- delete -->
      <group name="group-1">
        <method signature="ProductPageTestClass.verifyProductPageIsOpenedWhileClickingProductTab()[pri:1, instance:executeClass.ProductPageTestClass@78691363]" name="verifyProductPageIsOpenedWhileClickingProductTab" class="executeClass.ProductPageTestClass"/>
      </group> <!-- group-1 -->
    </groups>
    <test started-at="2023-02-28T14:11:09 IST" name="Default test" finished-at="2023-02-28T14:16:32 IST" duration-ms="323664">
      <class name="executeClass.ProductPageTestClass">
        <test-method is-config="true" signature="createReport(org.testng.ITestContext)[pri:0, instance:executeClass.ProductPageTestClass@78691363]" started-at="2023-02-28T14:11:08 IST" name="createReport" finished-at="2023-02-28T14:11:09 IST" duration-ms="216" status="PASS">
          <params>
            <param index="0">
              <value>
                <![CDATA[org.testng.TestRunner@c6a692e]]>
              </value>
            </param>
          </params>
          <reporter-output>
          </reporter-output>
        </test-method> <!-- createReport -->
        <test-method is-config="true" signature="beforeMethod(java.lang.String)[pri:0, instance:executeClass.ProductPageTestClass@78691363]" started-at="2023-02-28T14:11:09 IST" name="beforeMethod" finished-at="2023-02-28T14:11:19 IST" duration-ms="10260" status="PASS">
          <params>
            <param index="0">
              <value>
                <![CDATA[chrome]]>
              </value>
            </param>
          </params>
          <reporter-output>
          </reporter-output>
        </test-method> <!-- beforeMethod -->
        <test-method signature="verifyProductPageIsOpenedWhileClickingProductTab()[pri:1, instance:executeClass.ProductPageTestClass@78691363]" started-at="2023-02-28T14:11:19 IST" name="verifyProductPageIsOpenedWhileClickingProductTab" finished-at="2023-02-28T14:11:49 IST" duration-ms="30555" status="PASS">
          <reporter-output>
          </reporter-output>
        </test-method> <!-- verifyProductPageIsOpenedWhileClickingProductTab -->
        <test-method is-config="true" signature="afterMethod(org.testng.ITestResult)[pri:0, instance:executeClass.ProductPageTestClass@78691363]" started-at="2023-02-28T14:11:49 IST" name="afterMethod" finished-at="2023-02-28T14:11:50 IST" duration-ms="139" status="PASS">
          <params>
            <param index="0">
              <value>
                <![CDATA[[TestResult name=verifyProductPageIsOpenedWhileClickingProductTab status=SUCCESS method=ProductPageTestClass.verifyProductPageIsOpenedWhileClickingProductTab()[pri:1, instance:executeClass.ProductPageTestClass@78691363] output={null}]]]>
              </value>
            </param>
          </params>
          <reporter-output>
          </reporter-output>
        </test-method> <!-- afterMethod -->
        <test-method is-config="true" signature="beforeMethod(java.lang.String)[pri:0, instance:executeClass.ProductPageTestClass@78691363]" started-at="2023-02-28T14:11:50 IST" name="beforeMethod" finished-at="2023-02-28T14:11:55 IST" duration-ms="4990" status="PASS">
          <params>
            <param index="0">
              <value>
                <![CDATA[chrome]]>
              </value>
            </param>
          </params>
          <reporter-output>
          </reporter-output>
        </test-method> <!-- beforeMethod -->
        <test-method signature="verifyAddNewProduct()[pri:2, instance:executeClass.ProductPageTestClass@78691363]" started-at="2023-02-28T14:11:55 IST" name="verifyAddNewProduct" finished-at="2023-02-28T14:12:34 IST" duration-ms="39251" status="PASS">
          <reporter-output>
          </reporter-output>
        </test-method> <!-- verifyAddNewProduct -->
        <test-method is-config="true" signature="afterMethod(org.testng.ITestResult)[pri:0, instance:executeClass.ProductPageTestClass@78691363]" started-at="2023-02-28T14:12:34 IST" name="afterMethod" finished-at="2023-02-28T14:12:34 IST" duration-ms="215" status="PASS">
          <params>
            <param index="0">
              <value>
                <![CDATA[[TestResult name=verifyAddNewProduct status=SUCCESS method=ProductPageTestClass.verifyAddNewProduct()[pri:2, instance:executeClass.ProductPageTestClass@78691363] output={null}]]]>
              </value>
            </param>
          </params>
          <reporter-output>
          </reporter-output>
        </test-method> <!-- afterMethod -->
        <test-method is-config="true" signature="beforeMethod(java.lang.String)[pri:0, instance:executeClass.ProductPageTestClass@78691363]" started-at="2023-02-28T14:12:34 IST" name="beforeMethod" finished-at="2023-02-28T14:12:39 IST" duration-ms="5292" status="PASS">
          <params>
            <param index="0">
              <value>
                <![CDATA[chrome]]>
              </value>
            </param>
          </params>
          <reporter-output>
          </reporter-output>
        </test-method> <!-- beforeMethod -->
        <test-method signature="verifySearchFunctionalityUsingProductName()[pri:3, instance:executeClass.ProductPageTestClass@78691363]" started-at="2023-02-28T14:12:39 IST" name="verifySearchFunctionalityUsingProductName" finished-at="2023-02-28T14:12:56 IST" duration-ms="16538" status="PASS">
          <reporter-output>
          </reporter-output>
        </test-method> <!-- verifySearchFunctionalityUsingProductName -->
        <test-method is-config="true" signature="afterMethod(org.testng.ITestResult)[pri:0, instance:executeClass.ProductPageTestClass@78691363]" started-at="2023-02-28T14:12:56 IST" name="afterMethod" finished-at="2023-02-28T14:12:56 IST" duration-ms="256" status="PASS">
          <params>
            <param index="0">
              <value>
                <![CDATA[[TestResult name=verifySearchFunctionalityUsingProductName status=SUCCESS method=ProductPageTestClass.verifySearchFunctionalityUsingProductName()[pri:3, instance:executeClass.ProductPageTestClass@78691363] output={null}]]]>
              </value>
            </param>
          </params>
          <reporter-output>
          </reporter-output>
        </test-method> <!-- afterMethod -->
        <test-method is-config="true" signature="beforeMethod(java.lang.String)[pri:0, instance:executeClass.ProductPageTestClass@78691363]" started-at="2023-02-28T14:12:56 IST" name="beforeMethod" finished-at="2023-02-28T14:13:02 IST" duration-ms="5495" status="PASS">
          <params>
            <param index="0">
              <value>
                <![CDATA[chrome]]>
              </value>
            </param>
          </params>
          <reporter-output>
          </reporter-output>
        </test-method> <!-- beforeMethod -->
        <test-method signature="verifySearchFunctionalityUsingProductCode()[pri:4, instance:executeClass.ProductPageTestClass@78691363]" started-at="2023-02-28T14:13:02 IST" name="verifySearchFunctionalityUsingProductCode" finished-at="2023-02-28T14:13:32 IST" duration-ms="30702" status="PASS">
          <reporter-output>
          </reporter-output>
        </test-method> <!-- verifySearchFunctionalityUsingProductCode -->
        <test-method is-config="true" signature="afterMethod(org.testng.ITestResult)[pri:0, instance:executeClass.ProductPageTestClass@78691363]" started-at="2023-02-28T14:13:32 IST" name="afterMethod" finished-at="2023-02-28T14:13:33 IST" duration-ms="232" status="PASS">
          <params>
            <param index="0">
              <value>
                <![CDATA[[TestResult name=verifySearchFunctionalityUsingProductCode status=SUCCESS method=ProductPageTestClass.verifySearchFunctionalityUsingProductCode()[pri:4, instance:executeClass.ProductPageTestClass@78691363] output={null}]]]>
              </value>
            </param>
          </params>
          <reporter-output>
          </reporter-output>
        </test-method> <!-- afterMethod -->
        <test-method is-config="true" signature="beforeMethod(java.lang.String)[pri:0, instance:executeClass.ProductPageTestClass@78691363]" started-at="2023-02-28T14:13:33 IST" name="beforeMethod" finished-at="2023-02-28T14:13:38 IST" duration-ms="5635" status="PASS">
          <params>
            <param index="0">
              <value>
                <![CDATA[chrome]]>
              </value>
            </param>
          </params>
          <reporter-output>
          </reporter-output>
        </test-method> <!-- beforeMethod -->
        <test-method signature="verifyEditFunctionalityOfProduct()[pri:5, instance:executeClass.ProductPageTestClass@78691363]" started-at="2023-02-28T14:13:38 IST" name="verifyEditFunctionalityOfProduct" finished-at="2023-02-28T14:15:26 IST" duration-ms="108172" status="PASS">
          <reporter-output>
          </reporter-output>
        </test-method> <!-- verifyEditFunctionalityOfProduct -->
        <test-method is-config="true" signature="afterMethod(org.testng.ITestResult)[pri:0, instance:executeClass.ProductPageTestClass@78691363]" started-at="2023-02-28T14:15:26 IST" name="afterMethod" finished-at="2023-02-28T14:15:27 IST" duration-ms="250" status="PASS">
          <params>
            <param index="0">
              <value>
                <![CDATA[[TestResult name=verifyEditFunctionalityOfProduct status=SUCCESS method=ProductPageTestClass.verifyEditFunctionalityOfProduct()[pri:5, instance:executeClass.ProductPageTestClass@78691363] output={null}]]]>
              </value>
            </param>
          </params>
          <reporter-output>
          </reporter-output>
        </test-method> <!-- afterMethod -->
        <test-method is-config="true" signature="beforeMethod(java.lang.String)[pri:0, instance:executeClass.ProductPageTestClass@78691363]" started-at="2023-02-28T14:15:27 IST" name="beforeMethod" finished-at="2023-02-28T14:15:37 IST" duration-ms="10780" status="PASS">
          <params>
            <param index="0">
              <value>
                <![CDATA[chrome]]>
              </value>
            </param>
          </params>
          <reporter-output>
          </reporter-output>
        </test-method> <!-- beforeMethod -->
        <test-method signature="verifyDeleteFunctionalityOfProduct()[pri:6, instance:executeClass.ProductPageTestClass@78691363]" started-at="2023-02-28T14:15:37 IST" name="verifyDeleteFunctionalityOfProduct" finished-at="2023-02-28T14:16:32 IST" duration-ms="54723" status="PASS">
          <reporter-output>
          </reporter-output>
        </test-method> <!-- verifyDeleteFunctionalityOfProduct -->
        <test-method is-config="true" signature="afterMethod(org.testng.ITestResult)[pri:0, instance:executeClass.ProductPageTestClass@78691363]" started-at="2023-02-28T14:16:32 IST" name="afterMethod" finished-at="2023-02-28T14:16:32 IST" duration-ms="144" status="PASS">
          <params>
            <param index="0">
              <value>
                <![CDATA[[TestResult name=verifyDeleteFunctionalityOfProduct status=SUCCESS method=ProductPageTestClass.verifyDeleteFunctionalityOfProduct()[pri:6, instance:executeClass.ProductPageTestClass@78691363] output={null}]]]>
              </value>
            </param>
          </params>
          <reporter-output>
          </reporter-output>
        </test-method> <!-- afterMethod -->
      </class> <!-- executeClass.ProductPageTestClass -->
    </test> <!-- Default test -->
  </suite> <!-- Default suite -->
</testng-results>
