<?xml version="1.0" encoding="UTF-8"?>
<!-- Generated by org.testng.reporters.JUnitXMLReporter -->
<testsuite ignored="5" hostname="MIDHUNA" failures="0" tests="1" name="Default test" time="20.816" errors="0" timestamp="2023-02-16T17:35:01 IST">
  <testcase classname="executeClass.ProductPageTestClass" name="verifyProductPageIsOpenedWhileClickingProductTab" time="15.654"/>
  <testcase classname="executeClass.ProductPageTestClass" name="verifyAddNewProduct" time="0.0">
    <ignored/>
  </testcase> <!-- verifyAddNewProduct -->
  <testcase classname="executeClass.ProductPageTestClass" name="verifyEditFunctionalityOfProduct" time="0.0">
    <ignored/>
  </testcase> <!-- verifyEditFunctionalityOfProduct -->
  <testcase classname="executeClass.ProductPageTestClass" name="verifySearchFunctionalityUsingProductName" time="0.0">
    <ignored/>
  </testcase> <!-- verifySearchFunctionalityUsingProductName -->
  <testcase classname="executeClass.ProductPageTestClass" name="verifyDeleteFunctionalityOfProduct" time="0.0">
    <ignored/>
  </testcase> <!-- verifyDeleteFunctionalityOfProduct -->
  <testcase classname="executeClass.ProductPageTestClass" name="verifySearchFunctionalityUsingProductCode" time="0.0">
    <ignored/>
  </testcase> <!-- verifySearchFunctionalityUsingProductCode -->
</testsuite> <!-- Default test -->
