<?xml version="1.0" encoding="UTF-8"?>
<!-- Generated by org.testng.reporters.JUnitXMLReporter -->
<testsuite ignored="4" hostname="MIDHUNA" failures="0" tests="1" name="Default test" time="13.651" errors="0" timestamp="2023-02-16T09:39:22 IST">
  <testcase classname="executeClass.CustomersPageTestClass" name="verifyToAddaNewCustomer" time="8.845"/>
  <testcase classname="executeClass.CustomersPageTestClass" name="verifyToSearchACustomerByUsingNAme" time="0.0">
    <ignored/>
  </testcase> <!-- verifyToSearchACustomerByUsingNAme -->
  <testcase classname="executeClass.CustomersPageTestClass" name="verifyToSearchACustomerByUsingMobileNumber" time="0.0">
    <ignored/>
  </testcase> <!-- verifyToSearchACustomerByUsingMobileNumber -->
  <testcase classname="executeClass.CustomersPageTestClass" name="verifyAddCustomerButtonIsVisibleOrNot" time="0.0">
    <ignored/>
  </testcase> <!-- verifyAddCustomerButtonIsVisibleOrNot -->
  <testcase classname="executeClass.CustomersPageTestClass" name="verifyCustomersPageIsVisibleByClickingOnCutomerOnPeopleTab" time="0.0">
    <ignored/>
  </testcase> <!-- verifyCustomersPageIsVisibleByClickingOnCutomerOnPeopleTab -->
</testsuite> <!-- Default test -->
